2022-01-18 11:51:19,595-[Auto] DEBUG [main] com.test.suite.BaseCase.beforeClass(38) - 测试开始------
2022-01-18 11:51:19,737-[Auto] INFO [main] com.custom.common.db.DBImpl.getCon(255) - dbHost:rm-2ze0bl5fv0r771lemno.mysql.rds.aliyuncs.com,dbPort:3306,os:Linux_64,type:null,dbUser:yangjing,dbPwd:c5221b65f5421626,dbName:tc_rongyi,dbInstance:
2022-01-18 11:51:19,770-[Auto] DEBUG [main] com.test.suite.TestDemo.test1(27) - **************demo1**************测试1**********
2022-01-18 11:51:19,774-[Auto] DEBUG [main] com.test.suite.BaseCase.afterClass(48) - 测试结束------
2022-01-18 11:51:19,775-[Auto] DEBUG [main] com.test.suite.TestDemo2.test1(11) - **************demo2************************
2022-01-18 11:51:19,974-[Auto] DEBUG [main] freemarker.log._Log4jLoggerFactory$Log4jLogger.debug(45) - Couldn't find template in cache for "index.ftl"("en", UTF-8, parsed); will try to load it.
2022-01-18 11:51:19,974-[Auto] DEBUG [main] freemarker.log._Log4jLoggerFactory$Log4jLogger.debug(45) - TemplateLoader.findTemplateSource("index_en.ftl"): Not found
2022-01-18 11:51:19,976-[Auto] DEBUG [main] freemarker.log._Log4jLoggerFactory$Log4jLogger.debug(45) - TemplateLoader.findTemplateSource("index.ftl"): Found
2022-01-18 11:51:19,976-[Auto] DEBUG [main] freemarker.log._Log4jLoggerFactory$Log4jLogger.debug(45) - Loading template for "index.ftl"("en", UTF-8, parsed) from "jar:file:/C:/Users/yuanshirong/.m2/repository/com/aventstack/extentreports/3.0.6/extentreports-3.0.6.jar!/com/aventstack/extentreports/view/html-report/index.ftl"
2022-01-18 11:51:20,216-[Auto] DEBUG [main] freemarker.log._Log4jLoggerFactory$Log4jLogger.debug(45) - Couldn't find template in cache for "head.ftl"("en", UTF-8, parsed); will try to load it.
2022-01-18 11:51:20,216-[Auto] DEBUG [main] freemarker.log._Log4jLoggerFactory$Log4jLogger.debug(45) - TemplateLoader.findTemplateSource("head_en.ftl"): Not found
2022-01-18 11:51:20,216-[Auto] DEBUG [main] freemarker.log._Log4jLoggerFactory$Log4jLogger.debug(45) - TemplateLoader.findTemplateSource("head.ftl"): Found
2022-01-18 11:51:20,216-[Auto] DEBUG [main] freemarker.log._Log4jLoggerFactory$Log4jLogger.debug(45) - Loading template for "head.ftl"("en", UTF-8, parsed) from "jar:file:/C:/Users/yuanshirong/.m2/repository/com/aventstack/extentreports/3.0.6/extentreports-3.0.6.jar!/com/aventstack/extentreports/view/html-report/head.ftl"
2022-01-18 11:51:20,219-[Auto] DEBUG [main] freemarker.log._Log4jLoggerFactory$Log4jLogger.debug(45) - Couldn't find template in cache for "nav.ftl"("en", UTF-8, parsed); will try to load it.
2022-01-18 11:51:20,220-[Auto] DEBUG [main] freemarker.log._Log4jLoggerFactory$Log4jLogger.debug(45) - TemplateLoader.findTemplateSource("nav_en.ftl"): Not found
2022-01-18 11:51:20,220-[Auto] DEBUG [main] freemarker.log._Log4jLoggerFactory$Log4jLogger.debug(45) - TemplateLoader.findTemplateSource("nav.ftl"): Found
2022-01-18 11:51:20,222-[Auto] DEBUG [main] freemarker.log._Log4jLoggerFactory$Log4jLogger.debug(45) - Loading template for "nav.ftl"("en", UTF-8, parsed) from "jar:file:/C:/Users/yuanshirong/.m2/repository/com/aventstack/extentreports/3.0.6/extentreports-3.0.6.jar!/com/aventstack/extentreports/view/html-report/nav.ftl"
2022-01-18 11:51:20,230-[Auto] DEBUG [main] freemarker.log._Log4jLoggerFactory$Log4jLogger.debug(45) - Couldn't find template in cache for "test-view/test-view.ftl"("en", UTF-8, parsed); will try to load it.
2022-01-18 11:51:20,231-[Auto] DEBUG [main] freemarker.log._Log4jLoggerFactory$Log4jLogger.debug(45) - TemplateLoader.findTemplateSource("test-view/test-view_en.ftl"): Not found
2022-01-18 11:51:20,232-[Auto] DEBUG [main] freemarker.log._Log4jLoggerFactory$Log4jLogger.debug(45) - TemplateLoader.findTemplateSource("test-view/test-view.ftl"): Found
2022-01-18 11:51:20,232-[Auto] DEBUG [main] freemarker.log._Log4jLoggerFactory$Log4jLogger.debug(45) - Loading template for "test-view/test-view.ftl"("en", UTF-8, parsed) from "jar:file:/C:/Users/yuanshirong/.m2/repository/com/aventstack/extentreports/3.0.6/extentreports-3.0.6.jar!/com/aventstack/extentreports/view/html-report/test-view/test-view.ftl"
2022-01-18 11:51:20,243-[Auto] DEBUG [main] freemarker.log._Log4jLoggerFactory$Log4jLogger.debug(45) - Couldn't find template in cache for "test-view/test-view-charts.ftl"("en", UTF-8, parsed); will try to load it.
2022-01-18 11:51:20,243-[Auto] DEBUG [main] freemarker.log._Log4jLoggerFactory$Log4jLogger.debug(45) - TemplateLoader.findTemplateSource("test-view/test-view-charts_en.ftl"): Not found
2022-01-18 11:51:20,244-[Auto] DEBUG [main] freemarker.log._Log4jLoggerFactory$Log4jLogger.debug(45) - TemplateLoader.findTemplateSource("test-view/test-view-charts.ftl"): Found
2022-01-18 11:51:20,244-[Auto] DEBUG [main] freemarker.log._Log4jLoggerFactory$Log4jLogger.debug(45) - Loading template for "test-view/test-view-charts.ftl"("en", UTF-8, parsed) from "jar:file:/C:/Users/yuanshirong/.m2/repository/com/aventstack/extentreports/3.0.6/extentreports-3.0.6.jar!/com/aventstack/extentreports/view/html-report/test-view/test-view-charts.ftl"
2022-01-18 11:51:20,250-[Auto] DEBUG [main] freemarker.log._Log4jLoggerFactory$Log4jLogger.debug(45) - Couldn't find template in cache for "test-view/standard.ftl"("en", UTF-8, parsed); will try to load it.
2022-01-18 11:51:20,251-[Auto] DEBUG [main] freemarker.log._Log4jLoggerFactory$Log4jLogger.debug(45) - TemplateLoader.findTemplateSource("test-view/standard_en.ftl"): Not found
2022-01-18 11:51:20,251-[Auto] DEBUG [main] freemarker.log._Log4jLoggerFactory$Log4jLogger.debug(45) - TemplateLoader.findTemplateSource("test-view/standard.ftl"): Found
2022-01-18 11:51:20,251-[Auto] DEBUG [main] freemarker.log._Log4jLoggerFactory$Log4jLogger.debug(45) - Loading template for "test-view/standard.ftl"("en", UTF-8, parsed) from "jar:file:/C:/Users/yuanshirong/.m2/repository/com/aventstack/extentreports/3.0.6/extentreports-3.0.6.jar!/com/aventstack/extentreports/view/html-report/test-view/standard.ftl"
2022-01-18 11:51:20,267-[Auto] DEBUG [main] freemarker.log._Log4jLoggerFactory$Log4jLogger.debug(45) - Couldn't find template in cache for "category-view/category-view.ftl"("en", UTF-8, parsed); will try to load it.
2022-01-18 11:51:20,268-[Auto] DEBUG [main] freemarker.log._Log4jLoggerFactory$Log4jLogger.debug(45) - TemplateLoader.findTemplateSource("category-view/category-view_en.ftl"): Not found
2022-01-18 11:51:20,268-[Auto] DEBUG [main] freemarker.log._Log4jLoggerFactory$Log4jLogger.debug(45) - TemplateLoader.findTemplateSource("category-view/category-view.ftl"): Found
2022-01-18 11:51:20,268-[Auto] DEBUG [main] freemarker.log._Log4jLoggerFactory$Log4jLogger.debug(45) - Loading template for "category-view/category-view.ftl"("en", UTF-8, parsed) from "jar:file:/C:/Users/yuanshirong/.m2/repository/com/aventstack/extentreports/3.0.6/extentreports-3.0.6.jar!/com/aventstack/extentreports/view/html-report/category-view/category-view.ftl"
2022-01-18 11:51:20,273-[Auto] DEBUG [main] freemarker.log._Log4jLoggerFactory$Log4jLogger.debug(45) - Couldn't find template in cache for "author-view/author-view.ftl"("en", UTF-8, parsed); will try to load it.
2022-01-18 11:51:20,274-[Auto] DEBUG [main] freemarker.log._Log4jLoggerFactory$Log4jLogger.debug(45) - TemplateLoader.findTemplateSource("author-view/author-view_en.ftl"): Not found
2022-01-18 11:51:20,274-[Auto] DEBUG [main] freemarker.log._Log4jLoggerFactory$Log4jLogger.debug(45) - TemplateLoader.findTemplateSource("author-view/author-view.ftl"): Found
2022-01-18 11:51:20,274-[Auto] DEBUG [main] freemarker.log._Log4jLoggerFactory$Log4jLogger.debug(45) - Loading template for "author-view/author-view.ftl"("en", UTF-8, parsed) from "jar:file:/C:/Users/yuanshirong/.m2/repository/com/aventstack/extentreports/3.0.6/extentreports-3.0.6.jar!/com/aventstack/extentreports/view/html-report/author-view/author-view.ftl"
2022-01-18 11:51:20,293-[Auto] DEBUG [main] freemarker.log._Log4jLoggerFactory$Log4jLogger.debug(45) - Couldn't find template in cache for "exception-view/exception-view.ftl"("en", UTF-8, parsed); will try to load it.
2022-01-18 11:51:20,294-[Auto] DEBUG [main] freemarker.log._Log4jLoggerFactory$Log4jLogger.debug(45) - TemplateLoader.findTemplateSource("exception-view/exception-view_en.ftl"): Not found
2022-01-18 11:51:20,294-[Auto] DEBUG [main] freemarker.log._Log4jLoggerFactory$Log4jLogger.debug(45) - TemplateLoader.findTemplateSource("exception-view/exception-view.ftl"): Found
2022-01-18 11:51:20,295-[Auto] DEBUG [main] freemarker.log._Log4jLoggerFactory$Log4jLogger.debug(45) - Loading template for "exception-view/exception-view.ftl"("en", UTF-8, parsed) from "jar:file:/C:/Users/yuanshirong/.m2/repository/com/aventstack/extentreports/3.0.6/extentreports-3.0.6.jar!/com/aventstack/extentreports/view/html-report/exception-view/exception-view.ftl"
2022-01-18 11:51:20,302-[Auto] DEBUG [main] freemarker.log._Log4jLoggerFactory$Log4jLogger.debug(45) - Couldn't find template in cache for "dashboard-view/dashboard-view.ftl"("en", UTF-8, parsed); will try to load it.
2022-01-18 11:51:20,302-[Auto] DEBUG [main] freemarker.log._Log4jLoggerFactory$Log4jLogger.debug(45) - TemplateLoader.findTemplateSource("dashboard-view/dashboard-view_en.ftl"): Not found
2022-01-18 11:51:20,304-[Auto] DEBUG [main] freemarker.log._Log4jLoggerFactory$Log4jLogger.debug(45) - TemplateLoader.findTemplateSource("dashboard-view/dashboard-view.ftl"): Found
2022-01-18 11:51:20,304-[Auto] DEBUG [main] freemarker.log._Log4jLoggerFactory$Log4jLogger.debug(45) - Loading template for "dashboard-view/dashboard-view.ftl"("en", UTF-8, parsed) from "jar:file:/C:/Users/yuanshirong/.m2/repository/com/aventstack/extentreports/3.0.6/extentreports-3.0.6.jar!/com/aventstack/extentreports/view/html-report/dashboard-view/dashboard-view.ftl"
2022-01-18 11:51:20,313-[Auto] DEBUG [main] freemarker.log._Log4jLoggerFactory$Log4jLogger.debug(45) - Couldn't find template in cache for "logs-view/testrunner-logs-view.ftl"("en", UTF-8, parsed); will try to load it.
2022-01-18 11:51:20,313-[Auto] DEBUG [main] freemarker.log._Log4jLoggerFactory$Log4jLogger.debug(45) - TemplateLoader.findTemplateSource("logs-view/testrunner-logs-view_en.ftl"): Not found
2022-01-18 11:51:20,314-[Auto] DEBUG [main] freemarker.log._Log4jLoggerFactory$Log4jLogger.debug(45) - TemplateLoader.findTemplateSource("logs-view/testrunner-logs-view.ftl"): Found
2022-01-18 11:51:20,314-[Auto] DEBUG [main] freemarker.log._Log4jLoggerFactory$Log4jLogger.debug(45) - Loading template for "logs-view/testrunner-logs-view.ftl"("en", UTF-8, parsed) from "jar:file:/C:/Users/yuanshirong/.m2/repository/com/aventstack/extentreports/3.0.6/extentreports-3.0.6.jar!/com/aventstack/extentreports/view/html-report/logs-view/testrunner-logs-view.ftl"
2022-01-18 14:17:54,552-[Auto] DEBUG [main] com.test.suite.BaseCase.beforeClass(38) - 测试开始------
2022-01-18 14:17:54,627-[Auto] INFO [main] com.custom.common.db.DBImpl.getCon(255) - dbHost:rm-2ze0bl5fv0r771lemno.mysql.rds.aliyuncs.com,dbPort:3306,os:Linux_64,type:null,dbUser:yangjing,dbPwd:c5221b65f5421626,dbName:tc_rongyi,dbInstance:
2022-01-18 14:17:54,630-[Auto] DEBUG [main] com.test.suite.TestDemo.test1(27) - **************demo1**************测试1**********
2022-01-18 14:17:54,631-[Auto] DEBUG [main] com.test.suite.BaseCase.afterClass(48) - 测试结束------
2022-01-18 14:17:54,632-[Auto] DEBUG [main] com.test.suite.TestDemo2.test1(11) - **************demo2************************
2022-01-18 14:17:54,805-[Auto] DEBUG [main] freemarker.log._Log4jLoggerFactory$Log4jLogger.debug(45) - Couldn't find template in cache for "index.ftl"("en", UTF-8, parsed); will try to load it.
2022-01-18 14:17:54,806-[Auto] DEBUG [main] freemarker.log._Log4jLoggerFactory$Log4jLogger.debug(45) - TemplateLoader.findTemplateSource("index_en.ftl"): Not found
2022-01-18 14:17:54,807-[Auto] DEBUG [main] freemarker.log._Log4jLoggerFactory$Log4jLogger.debug(45) - TemplateLoader.findTemplateSource("index.ftl"): Found
2022-01-18 14:17:54,807-[Auto] DEBUG [main] freemarker.log._Log4jLoggerFactory$Log4jLogger.debug(45) - Loading template for "index.ftl"("en", UTF-8, parsed) from "jar:file:/C:/Users/yuanshirong/.m2/repository/com/aventstack/extentreports/3.0.6/extentreports-3.0.6.jar!/com/aventstack/extentreports/view/html-report/index.ftl"
2022-01-18 14:17:54,958-[Auto] DEBUG [main] freemarker.log._Log4jLoggerFactory$Log4jLogger.debug(45) - Couldn't find template in cache for "head.ftl"("en", UTF-8, parsed); will try to load it.
2022-01-18 14:17:54,958-[Auto] DEBUG [main] freemarker.log._Log4jLoggerFactory$Log4jLogger.debug(45) - TemplateLoader.findTemplateSource("head_en.ftl"): Not found
2022-01-18 14:17:54,959-[Auto] DEBUG [main] freemarker.log._Log4jLoggerFactory$Log4jLogger.debug(45) - TemplateLoader.findTemplateSource("head.ftl"): Found
2022-01-18 14:17:54,959-[Auto] DEBUG [main] freemarker.log._Log4jLoggerFactory$Log4jLogger.debug(45) - Loading template for "head.ftl"("en", UTF-8, parsed) from "jar:file:/C:/Users/yuanshirong/.m2/repository/com/aventstack/extentreports/3.0.6/extentreports-3.0.6.jar!/com/aventstack/extentreports/view/html-report/head.ftl"
2022-01-18 14:17:54,961-[Auto] DEBUG [main] freemarker.log._Log4jLoggerFactory$Log4jLogger.debug(45) - Couldn't find template in cache for "nav.ftl"("en", UTF-8, parsed); will try to load it.
2022-01-18 14:17:54,961-[Auto] DEBUG [main] freemarker.log._Log4jLoggerFactory$Log4jLogger.debug(45) - TemplateLoader.findTemplateSource("nav_en.ftl"): Not found
2022-01-18 14:17:54,962-[Auto] DEBUG [main] freemarker.log._Log4jLoggerFactory$Log4jLogger.debug(45) - TemplateLoader.findTemplateSource("nav.ftl"): Found
2022-01-18 14:17:54,965-[Auto] DEBUG [main] freemarker.log._Log4jLoggerFactory$Log4jLogger.debug(45) - Loading template for "nav.ftl"("en", UTF-8, parsed) from "jar:file:/C:/Users/yuanshirong/.m2/repository/com/aventstack/extentreports/3.0.6/extentreports-3.0.6.jar!/com/aventstack/extentreports/view/html-report/nav.ftl"
2022-01-18 14:17:54,979-[Auto] DEBUG [main] freemarker.log._Log4jLoggerFactory$Log4jLogger.debug(45) - Couldn't find template in cache for "test-view/test-view.ftl"("en", UTF-8, parsed); will try to load it.
2022-01-18 14:17:54,980-[Auto] DEBUG [main] freemarker.log._Log4jLoggerFactory$Log4jLogger.debug(45) - TemplateLoader.findTemplateSource("test-view/test-view_en.ftl"): Not found
2022-01-18 14:17:54,980-[Auto] DEBUG [main] freemarker.log._Log4jLoggerFactory$Log4jLogger.debug(45) - TemplateLoader.findTemplateSource("test-view/test-view.ftl"): Found
2022-01-18 14:17:54,980-[Auto] DEBUG [main] freemarker.log._Log4jLoggerFactory$Log4jLogger.debug(45) - Loading template for "test-view/test-view.ftl"("en", UTF-8, parsed) from "jar:file:/C:/Users/yuanshirong/.m2/repository/com/aventstack/extentreports/3.0.6/extentreports-3.0.6.jar!/com/aventstack/extentreports/view/html-report/test-view/test-view.ftl"
2022-01-18 14:17:54,990-[Auto] DEBUG [main] freemarker.log._Log4jLoggerFactory$Log4jLogger.debug(45) - Couldn't find template in cache for "test-view/test-view-charts.ftl"("en", UTF-8, parsed); will try to load it.
2022-01-18 14:17:54,990-[Auto] DEBUG [main] freemarker.log._Log4jLoggerFactory$Log4jLogger.debug(45) - TemplateLoader.findTemplateSource("test-view/test-view-charts_en.ftl"): Not found
2022-01-18 14:17:54,991-[Auto] DEBUG [main] freemarker.log._Log4jLoggerFactory$Log4jLogger.debug(45) - TemplateLoader.findTemplateSource("test-view/test-view-charts.ftl"): Found
2022-01-18 14:17:54,991-[Auto] DEBUG [main] freemarker.log._Log4jLoggerFactory$Log4jLogger.debug(45) - Loading template for "test-view/test-view-charts.ftl"("en", UTF-8, parsed) from "jar:file:/C:/Users/yuanshirong/.m2/repository/com/aventstack/extentreports/3.0.6/extentreports-3.0.6.jar!/com/aventstack/extentreports/view/html-report/test-view/test-view-charts.ftl"
2022-01-18 14:17:54,997-[Auto] DEBUG [main] freemarker.log._Log4jLoggerFactory$Log4jLogger.debug(45) - Couldn't find template in cache for "test-view/standard.ftl"("en", UTF-8, parsed); will try to load it.
2022-01-18 14:17:54,998-[Auto] DEBUG [main] freemarker.log._Log4jLoggerFactory$Log4jLogger.debug(45) - TemplateLoader.findTemplateSource("test-view/standard_en.ftl"): Not found
2022-01-18 14:17:54,998-[Auto] DEBUG [main] freemarker.log._Log4jLoggerFactory$Log4jLogger.debug(45) - TemplateLoader.findTemplateSource("test-view/standard.ftl"): Found
2022-01-18 14:17:54,999-[Auto] DEBUG [main] freemarker.log._Log4jLoggerFactory$Log4jLogger.debug(45) - Loading template for "test-view/standard.ftl"("en", UTF-8, parsed) from "jar:file:/C:/Users/yuanshirong/.m2/repository/com/aventstack/extentreports/3.0.6/extentreports-3.0.6.jar!/com/aventstack/extentreports/view/html-report/test-view/standard.ftl"
2022-01-18 14:17:55,014-[Auto] DEBUG [main] freemarker.log._Log4jLoggerFactory$Log4jLogger.debug(45) - Couldn't find template in cache for "category-view/category-view.ftl"("en", UTF-8, parsed); will try to load it.
2022-01-18 14:17:55,015-[Auto] DEBUG [main] freemarker.log._Log4jLoggerFactory$Log4jLogger.debug(45) - TemplateLoader.findTemplateSource("category-view/category-view_en.ftl"): Not found
2022-01-18 14:17:55,015-[Auto] DEBUG [main] freemarker.log._Log4jLoggerFactory$Log4jLogger.debug(45) - TemplateLoader.findTemplateSource("category-view/category-view.ftl"): Found
2022-01-18 14:17:55,015-[Auto] DEBUG [main] freemarker.log._Log4jLoggerFactory$Log4jLogger.debug(45) - Loading template for "category-view/category-view.ftl"("en", UTF-8, parsed) from "jar:file:/C:/Users/yuanshirong/.m2/repository/com/aventstack/extentreports/3.0.6/extentreports-3.0.6.jar!/com/aventstack/extentreports/view/html-report/category-view/category-view.ftl"
2022-01-18 14:17:55,020-[Auto] DEBUG [main] freemarker.log._Log4jLoggerFactory$Log4jLogger.debug(45) - Couldn't find template in cache for "author-view/author-view.ftl"("en", UTF-8, parsed); will try to load it.
2022-01-18 14:17:55,020-[Auto] DEBUG [main] freemarker.log._Log4jLoggerFactory$Log4jLogger.debug(45) - TemplateLoader.findTemplateSource("author-view/author-view_en.ftl"): Not found
2022-01-18 14:17:55,021-[Auto] DEBUG [main] freemarker.log._Log4jLoggerFactory$Log4jLogger.debug(45) - TemplateLoader.findTemplateSource("author-view/author-view.ftl"): Found
2022-01-18 14:17:55,021-[Auto] DEBUG [main] freemarker.log._Log4jLoggerFactory$Log4jLogger.debug(45) - Loading template for "author-view/author-view.ftl"("en", UTF-8, parsed) from "jar:file:/C:/Users/yuanshirong/.m2/repository/com/aventstack/extentreports/3.0.6/extentreports-3.0.6.jar!/com/aventstack/extentreports/view/html-report/author-view/author-view.ftl"
2022-01-18 14:17:55,024-[Auto] DEBUG [main] freemarker.log._Log4jLoggerFactory$Log4jLogger.debug(45) - Couldn't find template in cache for "exception-view/exception-view.ftl"("en", UTF-8, parsed); will try to load it.
2022-01-18 14:17:55,024-[Auto] DEBUG [main] freemarker.log._Log4jLoggerFactory$Log4jLogger.debug(45) - TemplateLoader.findTemplateSource("exception-view/exception-view_en.ftl"): Not found
2022-01-18 14:17:55,025-[Auto] DEBUG [main] freemarker.log._Log4jLoggerFactory$Log4jLogger.debug(45) - TemplateLoader.findTemplateSource("exception-view/exception-view.ftl"): Found
2022-01-18 14:17:55,025-[Auto] DEBUG [main] freemarker.log._Log4jLoggerFactory$Log4jLogger.debug(45) - Loading template for "exception-view/exception-view.ftl"("en", UTF-8, parsed) from "jar:file:/C:/Users/yuanshirong/.m2/repository/com/aventstack/extentreports/3.0.6/extentreports-3.0.6.jar!/com/aventstack/extentreports/view/html-report/exception-view/exception-view.ftl"
2022-01-18 14:17:55,027-[Auto] DEBUG [main] freemarker.log._Log4jLoggerFactory$Log4jLogger.debug(45) - Couldn't find template in cache for "dashboard-view/dashboard-view.ftl"("en", UTF-8, parsed); will try to load it.
2022-01-18 14:17:55,028-[Auto] DEBUG [main] freemarker.log._Log4jLoggerFactory$Log4jLogger.debug(45) - TemplateLoader.findTemplateSource("dashboard-view/dashboard-view_en.ftl"): Not found
2022-01-18 14:17:55,029-[Auto] DEBUG [main] freemarker.log._Log4jLoggerFactory$Log4jLogger.debug(45) - TemplateLoader.findTemplateSource("dashboard-view/dashboard-view.ftl"): Found
2022-01-18 14:17:55,029-[Auto] DEBUG [main] freemarker.log._Log4jLoggerFactory$Log4jLogger.debug(45) - Loading template for "dashboard-view/dashboard-view.ftl"("en", UTF-8, parsed) from "jar:file:/C:/Users/yuanshirong/.m2/repository/com/aventstack/extentreports/3.0.6/extentreports-3.0.6.jar!/com/aventstack/extentreports/view/html-report/dashboard-view/dashboard-view.ftl"
2022-01-18 14:17:55,032-[Auto] DEBUG [main] freemarker.log._Log4jLoggerFactory$Log4jLogger.debug(45) - Couldn't find template in cache for "logs-view/testrunner-logs-view.ftl"("en", UTF-8, parsed); will try to load it.
2022-01-18 14:17:55,032-[Auto] DEBUG [main] freemarker.log._Log4jLoggerFactory$Log4jLogger.debug(45) - TemplateLoader.findTemplateSource("logs-view/testrunner-logs-view_en.ftl"): Not found
2022-01-18 14:17:55,033-[Auto] DEBUG [main] freemarker.log._Log4jLoggerFactory$Log4jLogger.debug(45) - TemplateLoader.findTemplateSource("logs-view/testrunner-logs-view.ftl"): Found
2022-01-18 14:17:55,033-[Auto] DEBUG [main] freemarker.log._Log4jLoggerFactory$Log4jLogger.debug(45) - Loading template for "logs-view/testrunner-logs-view.ftl"("en", UTF-8, parsed) from "jar:file:/C:/Users/yuanshirong/.m2/repository/com/aventstack/extentreports/3.0.6/extentreports-3.0.6.jar!/com/aventstack/extentreports/view/html-report/logs-view/testrunner-logs-view.ftl"
2022-01-18 14:21:24,841-[Auto] DEBUG [main] com.test.suite.BaseCase.beforeClass(38) - 测试开始------
2022-01-18 14:21:24,921-[Auto] INFO [main] com.custom.common.db.DBImpl.getCon(255) - dbHost:rm-2ze0bl5fv0r771lemno.mysql.rds.aliyuncs.com,dbPort:3306,os:Linux_64,type:null,dbUser:yangjing,dbPwd:c5221b65f5421626,dbName:tc_rongyi,dbInstance:
2022-01-18 14:21:24,928-[Auto] DEBUG [main] com.test.suite.TestDemo.test1(27) - **************demo1**************测试1**********
2022-01-18 14:21:24,928-[Auto] DEBUG [main] com.test.suite.BaseCase.afterClass(48) - 测试结束------
2022-01-18 14:21:24,934-[Auto] DEBUG [main] com.test.suite.TestDemo2.test1(11) - **************demo2************************
2022-01-18 14:21:25,117-[Auto] DEBUG [main] freemarker.log._Log4jLoggerFactory$Log4jLogger.debug(45) - Couldn't find template in cache for "index.ftl"("en", UTF-8, parsed); will try to load it.
2022-01-18 14:21:25,118-[Auto] DEBUG [main] freemarker.log._Log4jLoggerFactory$Log4jLogger.debug(45) - TemplateLoader.findTemplateSource("index_en.ftl"): Not found
2022-01-18 14:21:25,120-[Auto] DEBUG [main] freemarker.log._Log4jLoggerFactory$Log4jLogger.debug(45) - TemplateLoader.findTemplateSource("index.ftl"): Found
2022-01-18 14:21:25,120-[Auto] DEBUG [main] freemarker.log._Log4jLoggerFactory$Log4jLogger.debug(45) - Loading template for "index.ftl"("en", UTF-8, parsed) from "jar:file:/C:/Users/yuanshirong/.m2/repository/com/aventstack/extentreports/3.0.6/extentreports-3.0.6.jar!/com/aventstack/extentreports/view/html-report/index.ftl"
2022-01-18 14:21:25,256-[Auto] DEBUG [main] freemarker.log._Log4jLoggerFactory$Log4jLogger.debug(45) - Couldn't find template in cache for "head.ftl"("en", UTF-8, parsed); will try to load it.
2022-01-18 14:21:25,256-[Auto] DEBUG [main] freemarker.log._Log4jLoggerFactory$Log4jLogger.debug(45) - TemplateLoader.findTemplateSource("head_en.ftl"): Not found
2022-01-18 14:21:25,257-[Auto] DEBUG [main] freemarker.log._Log4jLoggerFactory$Log4jLogger.debug(45) - TemplateLoader.findTemplateSource("head.ftl"): Found
2022-01-18 14:21:25,257-[Auto] DEBUG [main] freemarker.log._Log4jLoggerFactory$Log4jLogger.debug(45) - Loading template for "head.ftl"("en", UTF-8, parsed) from "jar:file:/C:/Users/yuanshirong/.m2/repository/com/aventstack/extentreports/3.0.6/extentreports-3.0.6.jar!/com/aventstack/extentreports/view/html-report/head.ftl"
2022-01-18 14:21:25,259-[Auto] DEBUG [main] freemarker.log._Log4jLoggerFactory$Log4jLogger.debug(45) - Couldn't find template in cache for "nav.ftl"("en", UTF-8, parsed); will try to load it.
2022-01-18 14:21:25,259-[Auto] DEBUG [main] freemarker.log._Log4jLoggerFactory$Log4jLogger.debug(45) - TemplateLoader.findTemplateSource("nav_en.ftl"): Not found
2022-01-18 14:21:25,260-[Auto] DEBUG [main] freemarker.log._Log4jLoggerFactory$Log4jLogger.debug(45) - TemplateLoader.findTemplateSource("nav.ftl"): Found
2022-01-18 14:21:25,261-[Auto] DEBUG [main] freemarker.log._Log4jLoggerFactory$Log4jLogger.debug(45) - Loading template for "nav.ftl"("en", UTF-8, parsed) from "jar:file:/C:/Users/yuanshirong/.m2/repository/com/aventstack/extentreports/3.0.6/extentreports-3.0.6.jar!/com/aventstack/extentreports/view/html-report/nav.ftl"
2022-01-18 14:21:25,266-[Auto] DEBUG [main] freemarker.log._Log4jLoggerFactory$Log4jLogger.debug(45) - Couldn't find template in cache for "test-view/test-view.ftl"("en", UTF-8, parsed); will try to load it.
2022-01-18 14:21:25,267-[Auto] DEBUG [main] freemarker.log._Log4jLoggerFactory$Log4jLogger.debug(45) - TemplateLoader.findTemplateSource("test-view/test-view_en.ftl"): Not found
2022-01-18 14:21:25,267-[Auto] DEBUG [main] freemarker.log._Log4jLoggerFactory$Log4jLogger.debug(45) - TemplateLoader.findTemplateSource("test-view/test-view.ftl"): Found
2022-01-18 14:21:25,267-[Auto] DEBUG [main] freemarker.log._Log4jLoggerFactory$Log4jLogger.debug(45) - Loading template for "test-view/test-view.ftl"("en", UTF-8, parsed) from "jar:file:/C:/Users/yuanshirong/.m2/repository/com/aventstack/extentreports/3.0.6/extentreports-3.0.6.jar!/com/aventstack/extentreports/view/html-report/test-view/test-view.ftl"
2022-01-18 14:21:25,276-[Auto] DEBUG [main] freemarker.log._Log4jLoggerFactory$Log4jLogger.debug(45) - Couldn't find template in cache for "test-view/test-view-charts.ftl"("en", UTF-8, parsed); will try to load it.
2022-01-18 14:21:25,276-[Auto] DEBUG [main] freemarker.log._Log4jLoggerFactory$Log4jLogger.debug(45) - TemplateLoader.findTemplateSource("test-view/test-view-charts_en.ftl"): Not found
2022-01-18 14:21:25,276-[Auto] DEBUG [main] freemarker.log._Log4jLoggerFactory$Log4jLogger.debug(45) - TemplateLoader.findTemplateSource("test-view/test-view-charts.ftl"): Found
2022-01-18 14:21:25,276-[Auto] DEBUG [main] freemarker.log._Log4jLoggerFactory$Log4jLogger.debug(45) - Loading template for "test-view/test-view-charts.ftl"("en", UTF-8, parsed) from "jar:file:/C:/Users/yuanshirong/.m2/repository/com/aventstack/extentreports/3.0.6/extentreports-3.0.6.jar!/com/aventstack/extentreports/view/html-report/test-view/test-view-charts.ftl"
2022-01-18 14:21:25,282-[Auto] DEBUG [main] freemarker.log._Log4jLoggerFactory$Log4jLogger.debug(45) - Couldn't find template in cache for "test-view/standard.ftl"("en", UTF-8, parsed); will try to load it.
2022-01-18 14:21:25,282-[Auto] DEBUG [main] freemarker.log._Log4jLoggerFactory$Log4jLogger.debug(45) - TemplateLoader.findTemplateSource("test-view/standard_en.ftl"): Not found
2022-01-18 14:21:25,282-[Auto] DEBUG [main] freemarker.log._Log4jLoggerFactory$Log4jLogger.debug(45) - TemplateLoader.findTemplateSource("test-view/standard.ftl"): Found
2022-01-18 14:21:25,283-[Auto] DEBUG [main] freemarker.log._Log4jLoggerFactory$Log4jLogger.debug(45) - Loading template for "test-view/standard.ftl"("en", UTF-8, parsed) from "jar:file:/C:/Users/yuanshirong/.m2/repository/com/aventstack/extentreports/3.0.6/extentreports-3.0.6.jar!/com/aventstack/extentreports/view/html-report/test-view/standard.ftl"
2022-01-18 14:21:25,296-[Auto] DEBUG [main] freemarker.log._Log4jLoggerFactory$Log4jLogger.debug(45) - Couldn't find template in cache for "category-view/category-view.ftl"("en", UTF-8, parsed); will try to load it.
2022-01-18 14:21:25,296-[Auto] DEBUG [main] freemarker.log._Log4jLoggerFactory$Log4jLogger.debug(45) - TemplateLoader.findTemplateSource("category-view/category-view_en.ftl"): Not found
2022-01-18 14:21:25,297-[Auto] DEBUG [main] freemarker.log._Log4jLoggerFactory$Log4jLogger.debug(45) - TemplateLoader.findTemplateSource("category-view/category-view.ftl"): Found
2022-01-18 14:21:25,297-[Auto] DEBUG [main] freemarker.log._Log4jLoggerFactory$Log4jLogger.debug(45) - Loading template for "category-view/category-view.ftl"("en", UTF-8, parsed) from "jar:file:/C:/Users/yuanshirong/.m2/repository/com/aventstack/extentreports/3.0.6/extentreports-3.0.6.jar!/com/aventstack/extentreports/view/html-report/category-view/category-view.ftl"
2022-01-18 14:21:25,300-[Auto] DEBUG [main] freemarker.log._Log4jLoggerFactory$Log4jLogger.debug(45) - Couldn't find template in cache for "author-view/author-view.ftl"("en", UTF-8, parsed); will try to load it.
2022-01-18 14:21:25,300-[Auto] DEBUG [main] freemarker.log._Log4jLoggerFactory$Log4jLogger.debug(45) - TemplateLoader.findTemplateSource("author-view/author-view_en.ftl"): Not found
2022-01-18 14:21:25,301-[Auto] DEBUG [main] freemarker.log._Log4jLoggerFactory$Log4jLogger.debug(45) - TemplateLoader.findTemplateSource("author-view/author-view.ftl"): Found
2022-01-18 14:21:25,301-[Auto] DEBUG [main] freemarker.log._Log4jLoggerFactory$Log4jLogger.debug(45) - Loading template for "author-view/author-view.ftl"("en", UTF-8, parsed) from "jar:file:/C:/Users/yuanshirong/.m2/repository/com/aventstack/extentreports/3.0.6/extentreports-3.0.6.jar!/com/aventstack/extentreports/view/html-report/author-view/author-view.ftl"
2022-01-18 14:21:25,303-[Auto] DEBUG [main] freemarker.log._Log4jLoggerFactory$Log4jLogger.debug(45) - Couldn't find template in cache for "exception-view/exception-view.ftl"("en", UTF-8, parsed); will try to load it.
2022-01-18 14:21:25,304-[Auto] DEBUG [main] freemarker.log._Log4jLoggerFactory$Log4jLogger.debug(45) - TemplateLoader.findTemplateSource("exception-view/exception-view_en.ftl"): Not found
2022-01-18 14:21:25,304-[Auto] DEBUG [main] freemarker.log._Log4jLoggerFactory$Log4jLogger.debug(45) - TemplateLoader.findTemplateSource("exception-view/exception-view.ftl"): Found
2022-01-18 14:21:25,304-[Auto] DEBUG [main] freemarker.log._Log4jLoggerFactory$Log4jLogger.debug(45) - Loading template for "exception-view/exception-view.ftl"("en", UTF-8, parsed) from "jar:file:/C:/Users/yuanshirong/.m2/repository/com/aventstack/extentreports/3.0.6/extentreports-3.0.6.jar!/com/aventstack/extentreports/view/html-report/exception-view/exception-view.ftl"
2022-01-18 14:21:25,307-[Auto] DEBUG [main] freemarker.log._Log4jLoggerFactory$Log4jLogger.debug(45) - Couldn't find template in cache for "dashboard-view/dashboard-view.ftl"("en", UTF-8, parsed); will try to load it.
2022-01-18 14:21:25,307-[Auto] DEBUG [main] freemarker.log._Log4jLoggerFactory$Log4jLogger.debug(45) - TemplateLoader.findTemplateSource("dashboard-view/dashboard-view_en.ftl"): Not found
2022-01-18 14:21:25,307-[Auto] DEBUG [main] freemarker.log._Log4jLoggerFactory$Log4jLogger.debug(45) - TemplateLoader.findTemplateSource("dashboard-view/dashboard-view.ftl"): Found
2022-01-18 14:21:25,308-[Auto] DEBUG [main] freemarker.log._Log4jLoggerFactory$Log4jLogger.debug(45) - Loading template for "dashboard-view/dashboard-view.ftl"("en", UTF-8, parsed) from "jar:file:/C:/Users/yuanshirong/.m2/repository/com/aventstack/extentreports/3.0.6/extentreports-3.0.6.jar!/com/aventstack/extentreports/view/html-report/dashboard-view/dashboard-view.ftl"
2022-01-18 14:21:25,310-[Auto] DEBUG [main] freemarker.log._Log4jLoggerFactory$Log4jLogger.debug(45) - Couldn't find template in cache for "logs-view/testrunner-logs-view.ftl"("en", UTF-8, parsed); will try to load it.
2022-01-18 14:21:25,311-[Auto] DEBUG [main] freemarker.log._Log4jLoggerFactory$Log4jLogger.debug(45) - TemplateLoader.findTemplateSource("logs-view/testrunner-logs-view_en.ftl"): Not found
2022-01-18 14:21:25,311-[Auto] DEBUG [main] freemarker.log._Log4jLoggerFactory$Log4jLogger.debug(45) - TemplateLoader.findTemplateSource("logs-view/testrunner-logs-view.ftl"): Found
2022-01-18 14:21:25,311-[Auto] DEBUG [main] freemarker.log._Log4jLoggerFactory$Log4jLogger.debug(45) - Loading template for "logs-view/testrunner-logs-view.ftl"("en", UTF-8, parsed) from "jar:file:/C:/Users/yuanshirong/.m2/repository/com/aventstack/extentreports/3.0.6/extentreports-3.0.6.jar!/com/aventstack/extentreports/view/html-report/logs-view/testrunner-logs-view.ftl"
2022-01-18 16:56:17,383-[Auto] DEBUG [main] com.test.suite.BaseCase.beforeClass(38) - 测试开始------
2022-01-18 16:56:17,829-[Auto] INFO [main] com.custom.common.db.DBImpl.getCon(255) - dbHost:rm-2ze0bl5fv0r771lemno.mysql.rds.aliyuncs.com,dbPort:3306,os:Linux_64,type:null,dbUser:yangjing,dbPwd:c5221b65f5421626,dbName:tc_rongyi,dbInstance:
2022-01-18 16:56:17,839-[Auto] DEBUG [main] com.test.suite.TestDemo.test1(27) - **************demo1**************测试1**********
2022-01-18 16:56:17,844-[Auto] DEBUG [main] com.test.suite.BaseCase.afterClass(48) - 测试结束------
2022-01-18 16:56:17,852-[Auto] DEBUG [main] com.test.suite.TestDemo2.test1(11) - **************demo2************************
2022-01-18 16:56:18,565-[Auto] DEBUG [main] freemarker.log._Log4jLoggerFactory$Log4jLogger.debug(45) - Couldn't find template in cache for "index.ftl"("en", UTF-8, parsed); will try to load it.
2022-01-18 16:56:18,566-[Auto] DEBUG [main] freemarker.log._Log4jLoggerFactory$Log4jLogger.debug(45) - TemplateLoader.findTemplateSource("index_en.ftl"): Not found
2022-01-18 16:56:18,567-[Auto] DEBUG [main] freemarker.log._Log4jLoggerFactory$Log4jLogger.debug(45) - TemplateLoader.findTemplateSource("index.ftl"): Found
2022-01-18 16:56:18,568-[Auto] DEBUG [main] freemarker.log._Log4jLoggerFactory$Log4jLogger.debug(45) - Loading template for "index.ftl"("en", UTF-8, parsed) from "jar:file:/C:/Users/yuanshirong/.m2/repository/com/aventstack/extentreports/3.0.6/extentreports-3.0.6.jar!/com/aventstack/extentreports/view/html-report/index.ftl"
2022-01-18 16:56:19,730-[Auto] DEBUG [main] freemarker.log._Log4jLoggerFactory$Log4jLogger.debug(45) - Couldn't find template in cache for "head.ftl"("en", UTF-8, parsed); will try to load it.
2022-01-18 16:56:19,730-[Auto] DEBUG [main] freemarker.log._Log4jLoggerFactory$Log4jLogger.debug(45) - TemplateLoader.findTemplateSource("head_en.ftl"): Not found
2022-01-18 16:56:19,731-[Auto] DEBUG [main] freemarker.log._Log4jLoggerFactory$Log4jLogger.debug(45) - TemplateLoader.findTemplateSource("head.ftl"): Found
2022-01-18 16:56:19,732-[Auto] DEBUG [main] freemarker.log._Log4jLoggerFactory$Log4jLogger.debug(45) - Loading template for "head.ftl"("en", UTF-8, parsed) from "jar:file:/C:/Users/yuanshirong/.m2/repository/com/aventstack/extentreports/3.0.6/extentreports-3.0.6.jar!/com/aventstack/extentreports/view/html-report/head.ftl"
2022-01-18 16:56:19,741-[Auto] DEBUG [main] freemarker.log._Log4jLoggerFactory$Log4jLogger.debug(45) - Couldn't find template in cache for "nav.ftl"("en", UTF-8, parsed); will try to load it.
2022-01-18 16:56:19,741-[Auto] DEBUG [main] freemarker.log._Log4jLoggerFactory$Log4jLogger.debug(45) - TemplateLoader.findTemplateSource("nav_en.ftl"): Not found
2022-01-18 16:56:19,742-[Auto] DEBUG [main] freemarker.log._Log4jLoggerFactory$Log4jLogger.debug(45) - TemplateLoader.findTemplateSource("nav.ftl"): Found
2022-01-18 16:56:19,745-[Auto] DEBUG [main] freemarker.log._Log4jLoggerFactory$Log4jLogger.debug(45) - Loading template for "nav.ftl"("en", UTF-8, parsed) from "jar:file:/C:/Users/yuanshirong/.m2/repository/com/aventstack/extentreports/3.0.6/extentreports-3.0.6.jar!/com/aventstack/extentreports/view/html-report/nav.ftl"
2022-01-18 16:56:19,753-[Auto] DEBUG [main] freemarker.log._Log4jLoggerFactory$Log4jLogger.debug(45) - Couldn't find template in cache for "test-view/test-view.ftl"("en", UTF-8, parsed); will try to load it.
2022-01-18 16:56:19,753-[Auto] DEBUG [main] freemarker.log._Log4jLoggerFactory$Log4jLogger.debug(45) - TemplateLoader.findTemplateSource("test-view/test-view_en.ftl"): Not found
2022-01-18 16:56:19,754-[Auto] DEBUG [main] freemarker.log._Log4jLoggerFactory$Log4jLogger.debug(45) - TemplateLoader.findTemplateSource("test-view/test-view.ftl"): Found
2022-01-18 16:56:19,754-[Auto] DEBUG [main] freemarker.log._Log4jLoggerFactory$Log4jLogger.debug(45) - Loading template for "test-view/test-view.ftl"("en", UTF-8, parsed) from "jar:file:/C:/Users/yuanshirong/.m2/repository/com/aventstack/extentreports/3.0.6/extentreports-3.0.6.jar!/com/aventstack/extentreports/view/html-report/test-view/test-view.ftl"
2022-01-18 16:56:19,762-[Auto] DEBUG [main] freemarker.log._Log4jLoggerFactory$Log4jLogger.debug(45) - Couldn't find template in cache for "test-view/test-view-charts.ftl"("en", UTF-8, parsed); will try to load it.
2022-01-18 16:56:19,762-[Auto] DEBUG [main] freemarker.log._Log4jLoggerFactory$Log4jLogger.debug(45) - TemplateLoader.findTemplateSource("test-view/test-view-charts_en.ftl"): Not found
2022-01-18 16:56:19,763-[Auto] DEBUG [main] freemarker.log._Log4jLoggerFactory$Log4jLogger.debug(45) - TemplateLoader.findTemplateSource("test-view/test-view-charts.ftl"): Found
2022-01-18 16:56:19,763-[Auto] DEBUG [main] freemarker.log._Log4jLoggerFactory$Log4jLogger.debug(45) - Loading template for "test-view/test-view-charts.ftl"("en", UTF-8, parsed) from "jar:file:/C:/Users/yuanshirong/.m2/repository/com/aventstack/extentreports/3.0.6/extentreports-3.0.6.jar!/com/aventstack/extentreports/view/html-report/test-view/test-view-charts.ftl"
2022-01-18 16:56:19,774-[Auto] DEBUG [main] freemarker.log._Log4jLoggerFactory$Log4jLogger.debug(45) - Couldn't find template in cache for "test-view/standard.ftl"("en", UTF-8, parsed); will try to load it.
2022-01-18 16:56:19,775-[Auto] DEBUG [main] freemarker.log._Log4jLoggerFactory$Log4jLogger.debug(45) - TemplateLoader.findTemplateSource("test-view/standard_en.ftl"): Not found
2022-01-18 16:56:19,775-[Auto] DEBUG [main] freemarker.log._Log4jLoggerFactory$Log4jLogger.debug(45) - TemplateLoader.findTemplateSource("test-view/standard.ftl"): Found
2022-01-18 16:56:19,775-[Auto] DEBUG [main] freemarker.log._Log4jLoggerFactory$Log4jLogger.debug(45) - Loading template for "test-view/standard.ftl"("en", UTF-8, parsed) from "jar:file:/C:/Users/yuanshirong/.m2/repository/com/aventstack/extentreports/3.0.6/extentreports-3.0.6.jar!/com/aventstack/extentreports/view/html-report/test-view/standard.ftl"
2022-01-18 16:56:19,789-[Auto] DEBUG [main] freemarker.log._Log4jLoggerFactory$Log4jLogger.debug(45) - Couldn't find template in cache for "category-view/category-view.ftl"("en", UTF-8, parsed); will try to load it.
2022-01-18 16:56:19,789-[Auto] DEBUG [main] freemarker.log._Log4jLoggerFactory$Log4jLogger.debug(45) - TemplateLoader.findTemplateSource("category-view/category-view_en.ftl"): Not found
2022-01-18 16:56:19,790-[Auto] DEBUG [main] freemarker.log._Log4jLoggerFactory$Log4jLogger.debug(45) - TemplateLoader.findTemplateSource("category-view/category-view.ftl"): Found
2022-01-18 16:56:19,790-[Auto] DEBUG [main] freemarker.log._Log4jLoggerFactory$Log4jLogger.debug(45) - Loading template for "category-view/category-view.ftl"("en", UTF-8, parsed) from "jar:file:/C:/Users/yuanshirong/.m2/repository/com/aventstack/extentreports/3.0.6/extentreports-3.0.6.jar!/com/aventstack/extentreports/view/html-report/category-view/category-view.ftl"
2022-01-18 16:56:19,793-[Auto] DEBUG [main] freemarker.log._Log4jLoggerFactory$Log4jLogger.debug(45) - Couldn't find template in cache for "author-view/author-view.ftl"("en", UTF-8, parsed); will try to load it.
2022-01-18 16:56:19,794-[Auto] DEBUG [main] freemarker.log._Log4jLoggerFactory$Log4jLogger.debug(45) - TemplateLoader.findTemplateSource("author-view/author-view_en.ftl"): Not found
2022-01-18 16:56:19,794-[Auto] DEBUG [main] freemarker.log._Log4jLoggerFactory$Log4jLogger.debug(45) - TemplateLoader.findTemplateSource("author-view/author-view.ftl"): Found
2022-01-18 16:56:19,794-[Auto] DEBUG [main] freemarker.log._Log4jLoggerFactory$Log4jLogger.debug(45) - Loading template for "author-view/author-view.ftl"("en", UTF-8, parsed) from "jar:file:/C:/Users/yuanshirong/.m2/repository/com/aventstack/extentreports/3.0.6/extentreports-3.0.6.jar!/com/aventstack/extentreports/view/html-report/author-view/author-view.ftl"
2022-01-18 16:56:19,801-[Auto] DEBUG [main] freemarker.log._Log4jLoggerFactory$Log4jLogger.debug(45) - Couldn't find template in cache for "exception-view/exception-view.ftl"("en", UTF-8, parsed); will try to load it.
2022-01-18 16:56:19,802-[Auto] DEBUG [main] freemarker.log._Log4jLoggerFactory$Log4jLogger.debug(45) - TemplateLoader.findTemplateSource("exception-view/exception-view_en.ftl"): Not found
2022-01-18 16:56:19,802-[Auto] DEBUG [main] freemarker.log._Log4jLoggerFactory$Log4jLogger.debug(45) - TemplateLoader.findTemplateSource("exception-view/exception-view.ftl"): Found
2022-01-18 16:56:19,802-[Auto] DEBUG [main] freemarker.log._Log4jLoggerFactory$Log4jLogger.debug(45) - Loading template for "exception-view/exception-view.ftl"("en", UTF-8, parsed) from "jar:file:/C:/Users/yuanshirong/.m2/repository/com/aventstack/extentreports/3.0.6/extentreports-3.0.6.jar!/com/aventstack/extentreports/view/html-report/exception-view/exception-view.ftl"
2022-01-18 16:56:19,805-[Auto] DEBUG [main] freemarker.log._Log4jLoggerFactory$Log4jLogger.debug(45) - Couldn't find template in cache for "dashboard-view/dashboard-view.ftl"("en", UTF-8, parsed); will try to load it.
2022-01-18 16:56:19,805-[Auto] DEBUG [main] freemarker.log._Log4jLoggerFactory$Log4jLogger.debug(45) - TemplateLoader.findTemplateSource("dashboard-view/dashboard-view_en.ftl"): Not found
2022-01-18 16:56:19,806-[Auto] DEBUG [main] freemarker.log._Log4jLoggerFactory$Log4jLogger.debug(45) - TemplateLoader.findTemplateSource("dashboard-view/dashboard-view.ftl"): Found
2022-01-18 16:56:19,806-[Auto] DEBUG [main] freemarker.log._Log4jLoggerFactory$Log4jLogger.debug(45) - Loading template for "dashboard-view/dashboard-view.ftl"("en", UTF-8, parsed) from "jar:file:/C:/Users/yuanshirong/.m2/repository/com/aventstack/extentreports/3.0.6/extentreports-3.0.6.jar!/com/aventstack/extentreports/view/html-report/dashboard-view/dashboard-view.ftl"
2022-01-18 16:56:19,816-[Auto] DEBUG [main] freemarker.log._Log4jLoggerFactory$Log4jLogger.debug(45) - Couldn't find template in cache for "logs-view/testrunner-logs-view.ftl"("en", UTF-8, parsed); will try to load it.
2022-01-18 16:56:19,817-[Auto] DEBUG [main] freemarker.log._Log4jLoggerFactory$Log4jLogger.debug(45) - TemplateLoader.findTemplateSource("logs-view/testrunner-logs-view_en.ftl"): Not found
2022-01-18 16:56:19,817-[Auto] DEBUG [main] freemarker.log._Log4jLoggerFactory$Log4jLogger.debug(45) - TemplateLoader.findTemplateSource("logs-view/testrunner-logs-view.ftl"): Found
2022-01-18 16:56:19,817-[Auto] DEBUG [main] freemarker.log._Log4jLoggerFactory$Log4jLogger.debug(45) - Loading template for "logs-view/testrunner-logs-view.ftl"("en", UTF-8, parsed) from "jar:file:/C:/Users/yuanshirong/.m2/repository/com/aventstack/extentreports/3.0.6/extentreports-3.0.6.jar!/com/aventstack/extentreports/view/html-report/logs-view/testrunner-logs-view.ftl"
2022-01-18 22:27:02,898-[Auto] DEBUG [main] com.test.suite.BaseCase.beforeClass(38) - 测试开始------
2022-01-18 22:27:02,955-[Auto] INFO [main] com.custom.common.db.DBImpl.getCon(255) - dbHost:rm-2ze0bl5fv0r771lemno.mysql.rds.aliyuncs.com,dbPort:3306,os:Linux_64,type:null,dbUser:yangjing,dbPwd:c5221b65f5421626,dbName:tc_rongyi,dbInstance:
2022-01-18 22:27:02,957-[Auto] DEBUG [main] com.test.suite.TestDemo.test1(27) - **************demo1**************测试1**********
2022-01-18 22:27:02,958-[Auto] DEBUG [main] com.test.suite.BaseCase.afterClass(48) - 测试结束------
2022-01-18 22:27:02,960-[Auto] DEBUG [main] com.test.suite.TestDemo2.test1(11) - **************demo2************************
2022-01-18 22:27:03,182-[Auto] DEBUG [main] freemarker.log._Log4jLoggerFactory$Log4jLogger.debug(45) - Couldn't find template in cache for "index.ftl"("en", UTF-8, parsed); will try to load it.
2022-01-18 22:27:03,183-[Auto] DEBUG [main] freemarker.log._Log4jLoggerFactory$Log4jLogger.debug(45) - TemplateLoader.findTemplateSource("index_en.ftl"): Not found
2022-01-18 22:27:03,185-[Auto] DEBUG [main] freemarker.log._Log4jLoggerFactory$Log4jLogger.debug(45) - TemplateLoader.findTemplateSource("index.ftl"): Found
2022-01-18 22:27:03,185-[Auto] DEBUG [main] freemarker.log._Log4jLoggerFactory$Log4jLogger.debug(45) - Loading template for "index.ftl"("en", UTF-8, parsed) from "jar:file:/C:/Users/yuanshirong/.m2/repository/com/aventstack/extentreports/3.0.6/extentreports-3.0.6.jar!/com/aventstack/extentreports/view/html-report/index.ftl"
2022-01-18 22:27:03,338-[Auto] DEBUG [main] freemarker.log._Log4jLoggerFactory$Log4jLogger.debug(45) - Couldn't find template in cache for "head.ftl"("en", UTF-8, parsed); will try to load it.
2022-01-18 22:27:03,338-[Auto] DEBUG [main] freemarker.log._Log4jLoggerFactory$Log4jLogger.debug(45) - TemplateLoader.findTemplateSource("head_en.ftl"): Not found
2022-01-18 22:27:03,339-[Auto] DEBUG [main] freemarker.log._Log4jLoggerFactory$Log4jLogger.debug(45) - TemplateLoader.findTemplateSource("head.ftl"): Found
2022-01-18 22:27:03,339-[Auto] DEBUG [main] freemarker.log._Log4jLoggerFactory$Log4jLogger.debug(45) - Loading template for "head.ftl"("en", UTF-8, parsed) from "jar:file:/C:/Users/yuanshirong/.m2/repository/com/aventstack/extentreports/3.0.6/extentreports-3.0.6.jar!/com/aventstack/extentreports/view/html-report/head.ftl"
2022-01-18 22:27:03,342-[Auto] DEBUG [main] freemarker.log._Log4jLoggerFactory$Log4jLogger.debug(45) - Couldn't find template in cache for "nav.ftl"("en", UTF-8, parsed); will try to load it.
2022-01-18 22:27:03,343-[Auto] DEBUG [main] freemarker.log._Log4jLoggerFactory$Log4jLogger.debug(45) - TemplateLoader.findTemplateSource("nav_en.ftl"): Not found
2022-01-18 22:27:03,343-[Auto] DEBUG [main] freemarker.log._Log4jLoggerFactory$Log4jLogger.debug(45) - TemplateLoader.findTemplateSource("nav.ftl"): Found
2022-01-18 22:27:03,344-[Auto] DEBUG [main] freemarker.log._Log4jLoggerFactory$Log4jLogger.debug(45) - Loading template for "nav.ftl"("en", UTF-8, parsed) from "jar:file:/C:/Users/yuanshirong/.m2/repository/com/aventstack/extentreports/3.0.6/extentreports-3.0.6.jar!/com/aventstack/extentreports/view/html-report/nav.ftl"
2022-01-18 22:27:03,350-[Auto] DEBUG [main] freemarker.log._Log4jLoggerFactory$Log4jLogger.debug(45) - Couldn't find template in cache for "test-view/test-view.ftl"("en", UTF-8, parsed); will try to load it.
2022-01-18 22:27:03,350-[Auto] DEBUG [main] freemarker.log._Log4jLoggerFactory$Log4jLogger.debug(45) - TemplateLoader.findTemplateSource("test-view/test-view_en.ftl"): Not found
2022-01-18 22:27:03,351-[Auto] DEBUG [main] freemarker.log._Log4jLoggerFactory$Log4jLogger.debug(45) - TemplateLoader.findTemplateSource("test-view/test-view.ftl"): Found
2022-01-18 22:27:03,351-[Auto] DEBUG [main] freemarker.log._Log4jLoggerFactory$Log4jLogger.debug(45) - Loading template for "test-view/test-view.ftl"("en", UTF-8, parsed) from "jar:file:/C:/Users/yuanshirong/.m2/repository/com/aventstack/extentreports/3.0.6/extentreports-3.0.6.jar!/com/aventstack/extentreports/view/html-report/test-view/test-view.ftl"
2022-01-18 22:27:03,360-[Auto] DEBUG [main] freemarker.log._Log4jLoggerFactory$Log4jLogger.debug(45) - Couldn't find template in cache for "test-view/test-view-charts.ftl"("en", UTF-8, parsed); will try to load it.
2022-01-18 22:27:03,361-[Auto] DEBUG [main] freemarker.log._Log4jLoggerFactory$Log4jLogger.debug(45) - TemplateLoader.findTemplateSource("test-view/test-view-charts_en.ftl"): Not found
2022-01-18 22:27:03,361-[Auto] DEBUG [main] freemarker.log._Log4jLoggerFactory$Log4jLogger.debug(45) - TemplateLoader.findTemplateSource("test-view/test-view-charts.ftl"): Found
2022-01-18 22:27:03,361-[Auto] DEBUG [main] freemarker.log._Log4jLoggerFactory$Log4jLogger.debug(45) - Loading template for "test-view/test-view-charts.ftl"("en", UTF-8, parsed) from "jar:file:/C:/Users/yuanshirong/.m2/repository/com/aventstack/extentreports/3.0.6/extentreports-3.0.6.jar!/com/aventstack/extentreports/view/html-report/test-view/test-view-charts.ftl"
2022-01-18 22:27:03,368-[Auto] DEBUG [main] freemarker.log._Log4jLoggerFactory$Log4jLogger.debug(45) - Couldn't find template in cache for "test-view/standard.ftl"("en", UTF-8, parsed); will try to load it.
2022-01-18 22:27:03,369-[Auto] DEBUG [main] freemarker.log._Log4jLoggerFactory$Log4jLogger.debug(45) - TemplateLoader.findTemplateSource("test-view/standard_en.ftl"): Not found
2022-01-18 22:27:03,369-[Auto] DEBUG [main] freemarker.log._Log4jLoggerFactory$Log4jLogger.debug(45) - TemplateLoader.findTemplateSource("test-view/standard.ftl"): Found
2022-01-18 22:27:03,369-[Auto] DEBUG [main] freemarker.log._Log4jLoggerFactory$Log4jLogger.debug(45) - Loading template for "test-view/standard.ftl"("en", UTF-8, parsed) from "jar:file:/C:/Users/yuanshirong/.m2/repository/com/aventstack/extentreports/3.0.6/extentreports-3.0.6.jar!/com/aventstack/extentreports/view/html-report/test-view/standard.ftl"
2022-01-18 22:27:03,383-[Auto] DEBUG [main] freemarker.log._Log4jLoggerFactory$Log4jLogger.debug(45) - Couldn't find template in cache for "category-view/category-view.ftl"("en", UTF-8, parsed); will try to load it.
2022-01-18 22:27:03,383-[Auto] DEBUG [main] freemarker.log._Log4jLoggerFactory$Log4jLogger.debug(45) - TemplateLoader.findTemplateSource("category-view/category-view_en.ftl"): Not found
2022-01-18 22:27:03,383-[Auto] DEBUG [main] freemarker.log._Log4jLoggerFactory$Log4jLogger.debug(45) - TemplateLoader.findTemplateSource("category-view/category-view.ftl"): Found
2022-01-18 22:27:03,383-[Auto] DEBUG [main] freemarker.log._Log4jLoggerFactory$Log4jLogger.debug(45) - Loading template for "category-view/category-view.ftl"("en", UTF-8, parsed) from "jar:file:/C:/Users/yuanshirong/.m2/repository/com/aventstack/extentreports/3.0.6/extentreports-3.0.6.jar!/com/aventstack/extentreports/view/html-report/category-view/category-view.ftl"
2022-01-18 22:27:03,388-[Auto] DEBUG [main] freemarker.log._Log4jLoggerFactory$Log4jLogger.debug(45) - Couldn't find template in cache for "author-view/author-view.ftl"("en", UTF-8, parsed); will try to load it.
2022-01-18 22:27:03,388-[Auto] DEBUG [main] freemarker.log._Log4jLoggerFactory$Log4jLogger.debug(45) - TemplateLoader.findTemplateSource("author-view/author-view_en.ftl"): Not found
2022-01-18 22:27:03,389-[Auto] DEBUG [main] freemarker.log._Log4jLoggerFactory$Log4jLogger.debug(45) - TemplateLoader.findTemplateSource("author-view/author-view.ftl"): Found
2022-01-18 22:27:03,389-[Auto] DEBUG [main] freemarker.log._Log4jLoggerFactory$Log4jLogger.debug(45) - Loading template for "author-view/author-view.ftl"("en", UTF-8, parsed) from "jar:file:/C:/Users/yuanshirong/.m2/repository/com/aventstack/extentreports/3.0.6/extentreports-3.0.6.jar!/com/aventstack/extentreports/view/html-report/author-view/author-view.ftl"
2022-01-18 22:27:03,391-[Auto] DEBUG [main] freemarker.log._Log4jLoggerFactory$Log4jLogger.debug(45) - Couldn't find template in cache for "exception-view/exception-view.ftl"("en", UTF-8, parsed); will try to load it.
2022-01-18 22:27:03,392-[Auto] DEBUG [main] freemarker.log._Log4jLoggerFactory$Log4jLogger.debug(45) - TemplateLoader.findTemplateSource("exception-view/exception-view_en.ftl"): Not found
2022-01-18 22:27:03,392-[Auto] DEBUG [main] freemarker.log._Log4jLoggerFactory$Log4jLogger.debug(45) - TemplateLoader.findTemplateSource("exception-view/exception-view.ftl"): Found
2022-01-18 22:27:03,392-[Auto] DEBUG [main] freemarker.log._Log4jLoggerFactory$Log4jLogger.debug(45) - Loading template for "exception-view/exception-view.ftl"("en", UTF-8, parsed) from "jar:file:/C:/Users/yuanshirong/.m2/repository/com/aventstack/extentreports/3.0.6/extentreports-3.0.6.jar!/com/aventstack/extentreports/view/html-report/exception-view/exception-view.ftl"
2022-01-18 22:27:03,394-[Auto] DEBUG [main] freemarker.log._Log4jLoggerFactory$Log4jLogger.debug(45) - Couldn't find template in cache for "dashboard-view/dashboard-view.ftl"("en", UTF-8, parsed); will try to load it.
2022-01-18 22:27:03,395-[Auto] DEBUG [main] freemarker.log._Log4jLoggerFactory$Log4jLogger.debug(45) - TemplateLoader.findTemplateSource("dashboard-view/dashboard-view_en.ftl"): Not found
2022-01-18 22:27:03,395-[Auto] DEBUG [main] freemarker.log._Log4jLoggerFactory$Log4jLogger.debug(45) - TemplateLoader.findTemplateSource("dashboard-view/dashboard-view.ftl"): Found
2022-01-18 22:27:03,395-[Auto] DEBUG [main] freemarker.log._Log4jLoggerFactory$Log4jLogger.debug(45) - Loading template for "dashboard-view/dashboard-view.ftl"("en", UTF-8, parsed) from "jar:file:/C:/Users/yuanshirong/.m2/repository/com/aventstack/extentreports/3.0.6/extentreports-3.0.6.jar!/com/aventstack/extentreports/view/html-report/dashboard-view/dashboard-view.ftl"
2022-01-18 22:27:03,398-[Auto] DEBUG [main] freemarker.log._Log4jLoggerFactory$Log4jLogger.debug(45) - Couldn't find template in cache for "logs-view/testrunner-logs-view.ftl"("en", UTF-8, parsed); will try to load it.
2022-01-18 22:27:03,398-[Auto] DEBUG [main] freemarker.log._Log4jLoggerFactory$Log4jLogger.debug(45) - TemplateLoader.findTemplateSource("logs-view/testrunner-logs-view_en.ftl"): Not found
2022-01-18 22:27:03,398-[Auto] DEBUG [main] freemarker.log._Log4jLoggerFactory$Log4jLogger.debug(45) - TemplateLoader.findTemplateSource("logs-view/testrunner-logs-view.ftl"): Found
2022-01-18 22:27:03,399-[Auto] DEBUG [main] freemarker.log._Log4jLoggerFactory$Log4jLogger.debug(45) - Loading template for "logs-view/testrunner-logs-view.ftl"("en", UTF-8, parsed) from "jar:file:/C:/Users/yuanshirong/.m2/repository/com/aventstack/extentreports/3.0.6/extentreports-3.0.6.jar!/com/aventstack/extentreports/view/html-report/logs-view/testrunner-logs-view.ftl"
